<?xml version="1.0" encoding="UTF-8"?>
<testng-results ignored="0" total="1" passed="1" failed="0" skipped="0">
  <reporter-output>
    <line>
      <![CDATA[OrangeHRM - New Level of HR Management]]>
    </line>
    <line>
      <![CDATA[OrangeHRM]]>
    </line>
  </reporter-output>
  <suite started-at="2023-04-06T11:26:59 IST" name="Default suite" finished-at="2023-04-06T11:27:11 IST" duration-ms="12562">
    <groups>
    </groups>
    <test started-at="2023-04-06T11:26:59 IST" name="Default test" finished-at="2023-04-06T11:27:11 IST" duration-ms="12562">
      <class name="hrms_tc.TC001">
        <test-method signature="tc001()[pri:0, instance:hrms_tc.TC001@5403f35f]" started-at="2023-04-06T11:26:59 IST" name="tc001" finished-at="2023-04-06T11:27:11 IST" duration-ms="12537" status="PASS">
          <reporter-output>
            <line>
              <![CDATA[OrangeHRM - New Level of HR Management]]>
            </line>
            <line>
              <![CDATA[OrangeHRM]]>
            </line>
          </reporter-output>
        </test-method> <!-- tc001 -->
      </class> <!-- hrms_tc.TC001 -->
    </test> <!-- Default test -->
  </suite> <!-- Default suite -->
</testng-results>
